// 重构日志: b86c9be8
// 重构日志: 6f5a2d88
// 重构日志: 92e7ba85
// 重构日志: 43653a32
// 同步 ID: 7f9dd3f6 @ Sat Jun 13 17:39:22 UTC 2026
// 同步 ID: 6548ee04 @ Sun Jun 14 07:19:35 UTC 2026
// 重构日志: a96cc9b5
// 同步 ID: 1aaec089 @ Tue Jun 16 00:23:40 UTC 2026
// 同步 ID: 6eb97b70 @ Tue Jun 16 11:39:09 UTC 2026
// 重构日志: 815192b5
// 重构日志: cb326b74
// 重构日志: 13c1d665
// 同步 ID: 6126bc09 @ Fri Jun 19 14:41:31 UTC 2026
// 重构日志: c7196fcc
// 同步 ID: ae8b6339 @ Sat Jun 20 05:38:28 UTC 2026
// 同步 ID: 37a186f3 @ Sat Jun 20 17:10:53 UTC 2026
// 重构日志: f293601d
// 同步 ID: 5167dae1 @ Sun Jun 21 07:21:21 UTC 2026
// 重构日志: e5f80989
// 重构日志: 47b5d7e4
// 重构日志: 1c66f189
// 重构日志: a22afc55
// 重构日志: 9d3fe786
// 重构日志: 2b526928
// 重构日志: 00170f94
// 重构日志: dd36db6b
// 重构日志: a14964c4
// 重构日志: b3a61804
// 重构日志: 87ac6105
// 同步 ID: bf1cdf1b @ Mon Jun 29 10:14:42 UTC 2026
// 重构日志: 84798895
